SonarQube plugins:
  - Python Code Quality and Security 3.4.0.7980 (python)
  - CSS Code Quality and Security 1.4.0.1899 (cssfamily)
  - Go Code Quality and Security 1.8.2.1946 (go)
  - JaCoCo 1.1.0.898 (jacoco)
  - Kotlin Code Quality and Security 1.8.2.1946 (kotlin)
  - JavaScript/TypeScript Code Quality and Security 7.3.0.15071 (javascript)
  - Ruby Code Quality and Security 1.8.2.1946 (ruby)
  - Scala Code Quality and Security 1.8.2.1946 (sonarscala)
  - C# Code Quality and Security 8.19.0.28253 (csharp)
  - Java Code Quality and Security 6.14.0.25463 (java)
  - HTML Code Quality and Security 3.3.0.2534 (web)
  - Flex Code Quality and Security 2.6.0.2294 (flex)
  - XML Code Quality and Security 2.1.0.2861 (xml)
  - PHP Code Quality and Security 3.16.0.7320 (php)
  - VB.NET Code Quality and Security 8.19.0.28253 (vbnet)
Global server settings:
  - sonar.core.id=BF41A1F2-AXj87UoC_asKUSanXi1E
  - sonar.core.startTime=2021-04-28T10:39:49-0600
  - sonar.forceAuthentication=true
Project server settings:
Project scanner properties:
  - sonar.host.url=http://localhost:9000
  - sonar.login=******
  - sonar.projectBaseDir=C:\xampp\htdocs\donarSangre
  - sonar.projectKey=DonarSangre
  - sonar.projectName=DonarSangre
  - sonar.projectVersion=0.1
  - sonar.scanner.app=ScannerCLI
  - sonar.scanner.appVersion=4.5.0.2216
  - sonar.sourceEncoding=windows-1252
  - sonar.verbose=true
  - sonar.working.directory=C:\xampp\htdocs\donarSangre\.scannerwork
